Started by user [8mha:AAAAlh+LCAAAAAAAAP9b85aBtbiIQTGjNKU4P08vOT+vOD8nVc83PyU1x6OyILUoJzMv2y+/JJUBAhiZGBgqihhk0NSjKDWzXb3RdlLBUSYGJk8GtpzUvPSSDB8G5tKinBIGIZ+sxLJE/ZzEvHT94JKizLx0a6BxUmjGOUNodHsLgAzOEgYu/dLi1CL9vNKcHACFIKlWvwAAAA==[0manonymous
Building in workspace /var/lib/jenkins/jobs/main_project/workspace
 > git rev-parse --is-inside-work-tree # timeout=10
Fetching changes from the remote Git repository
 > git config remote.origin.url https://github.com/devMauris/cicdfucore.git # timeout=10
Fetching upstream changes from https://github.com/devMauris/cicdfucore.git
 > git --version # timeout=10
 > git fetch --tags --progress https://github.com/devMauris/cicdfucore.git +refs/heads/*:refs/remotes/origin/*
 > git rev-parse refs/remotes/origin/master^{commit} # timeout=10
 > git rev-parse refs/remotes/origin/origin/master^{commit} # timeout=10
Checking out Revision 997f85b94cf45c3d58d55efe443063e1d4e26235 (refs/remotes/origin/master)
 > git config core.sparsecheckout # timeout=10
 > git checkout -f 997f85b94cf45c3d58d55efe443063e1d4e26235
 > git rev-list d857777d40b4e24cdfba744f510b4e5e42701a5f # timeout=10
JOB=test
ERROR: Build step failed with exception
[8mha:AAAAWB+LCAAAAAAAAP9b85aBtbiIQSmjNKU4P08vOT+vOD8nVc8DzHWtSE4tKMnMz/PLL0ldFVf2c+b/lb5MDAwVRQxSaBqcITRIIQMEMIIUFgAAckCEiWAAAAA=[0mgroovy.lang.MissingPropertyException: No such property: foo for class: Script1
	at org.codehaus.groovy.runtime.ScriptBytecodeAdapter.unwrap(ScriptBytecodeAdapter.java:50)
	at org.codehaus.groovy.runtime.callsite.PogoGetPropertySite.getProperty(PogoGetPropertySite.java:49)
	at org.codehaus.groovy.runtime.callsite.AbstractCallSite.callGroovyObjectGetProperty(AbstractCallSite.java:231)
	at Script1.run(Script1.groovy:14)
	at groovy.lang.GroovyShell.evaluate(GroovyShell.java:650)
	at groovy.lang.GroovyShell.evaluate(GroovyShell.java:636)
	at hudson.plugins.groovy.SystemGroovy.perform(SystemGroovy.java:93)
	at hudson.tasks.BuildStepMonitor$1.perform(BuildStepMonitor.java:20)
	at hudson.model.AbstractBuild$AbstractBuildExecution.perform(AbstractBuild.java:761)
	at hudson.model.Build$BuildExecution.build(Build.java:199)
	at hudson.model.Build$BuildExecution.doRun(Build.java:160)
	at hudson.model.AbstractBuild$AbstractBuildExecution.run(AbstractBuild.java:536)
	at hudson.model.Run.execute(Run.java:1718)
	at hudson.model.FreeStyleBuild.run(FreeStyleBuild.java:43)
	at hudson.model.ResourceController.execute(ResourceController.java:89)
	at hudson.model.Executor.run(Executor.java:240)
Build step 'Execute system Groovy script' marked build as failure
Finished: FAILURE
