Started by user [8mha:AAAAlh+LCAAAAAAAAP9b85aBtbiIQTGjNKU4P08vOT+vOD8nVc83PyU1x6OyILUoJzMv2y+/JJUBAhiZGBgqihhk0NSjKDWzXb3RdlLBUSYGJk8GtpzUvPSSDB8G5tKinBIGIZ+sxLJE/ZzEvHT94JKizLx0a6BxUmjGOUNodHsLgAzOEgYu/dLi1CL9vNKcHACFIKlWvwAAAA==[0manonymous
Building in workspace /var/lib/jenkins/jobs/main_project/workspace
 > git rev-parse --is-inside-work-tree # timeout=10
Fetching changes from the remote Git repository
 > git config remote.origin.url https://github.com/devMauris/cicdfucore.git # timeout=10
Fetching upstream changes from https://github.com/devMauris/cicdfucore.git
 > git --version # timeout=10
 > git fetch --tags --progress https://github.com/devMauris/cicdfucore.git +refs/heads/*:refs/remotes/origin/*
 > git rev-parse refs/remotes/origin/master^{commit} # timeout=10
 > git rev-parse refs/remotes/origin/origin/master^{commit} # timeout=10
Checking out Revision 520fe5d95355b402cb8765c235173ac7c196dbdf (refs/remotes/origin/master)
 > git config core.sparsecheckout # timeout=10
 > git checkout -f 520fe5d95355b402cb8765c235173ac7c196dbdf
 > git rev-list 74f8ab99f01396ac0a97d656846e22e8afccfa0e # timeout=10
JOB=test
ERROR: Build step failed with exception
[8mha:AAAAWB+LCAAAAAAAAP9b85aBtbiIQSmjNKU4P08vOT+vOD8nVc8DzHWtSE4tKMnMz/PLL0ldFVf2c+b/lb5MDAwVRQxSaBqcITRIIQMEMIIUFgAAckCEiWAAAAA=[0mgroovy.lang.GroovyRuntimeException: Could not find matching constructor for: hudson.model.StringParameterValue(java.lang.String, hudson.model.FreeStyleProject)
	at groovy.lang.MetaClassImpl.invokeConstructor(MetaClassImpl.java:1491)
	at groovy.lang.MetaClassImpl.invokeConstructor(MetaClassImpl.java:1407)
	at org.codehaus.groovy.runtime.callsite.MetaClassConstructorSite.callConstructor(MetaClassConstructorSite.java:46)
	at org.codehaus.groovy.runtime.callsite.CallSiteArray.defaultCallConstructor(CallSiteArray.java:54)
	at org.codehaus.groovy.runtime.callsite.AbstractCallSite.callConstructor(AbstractCallSite.java:182)
	at org.codehaus.groovy.runtime.callsite.AbstractCallSite.callConstructor(AbstractCallSite.java:194)
	at Script1.run(Script1.groovy:14)
	at groovy.lang.GroovyShell.evaluate(GroovyShell.java:650)
	at groovy.lang.GroovyShell.evaluate(GroovyShell.java:636)
	at hudson.plugins.groovy.SystemGroovy.perform(SystemGroovy.java:93)
	at hudson.tasks.BuildStepMonitor$1.perform(BuildStepMonitor.java:20)
	at hudson.model.AbstractBuild$AbstractBuildExecution.perform(AbstractBuild.java:761)
	at hudson.model.Build$BuildExecution.build(Build.java:199)
	at hudson.model.Build$BuildExecution.doRun(Build.java:160)
	at hudson.model.AbstractBuild$AbstractBuildExecution.run(AbstractBuild.java:536)
	at hudson.model.Run.execute(Run.java:1718)
	at hudson.model.FreeStyleBuild.run(FreeStyleBuild.java:43)
	at hudson.model.ResourceController.execute(ResourceController.java:89)
	at hudson.model.Executor.run(Executor.java:240)
Build step 'Execute system Groovy script' marked build as failure
Finished: FAILURE
